# project  configured on Fri May 22 16:33:38 2015 by
# waf 1.7.11 (abi 98, python 20703f0 on linux2)
# using /home/will/pebble-dev/PebbleSDK-3.0-beta12/Pebble/waf configure build
#
----------------------------------------
Setting top to
/media/Shared_Data/Git_Hg/pebble-breakout
----------------------------------------
Setting out to
/media/Shared_Data/Git_Hg/pebble-breakout/build
----------------------------------------
Found Pebble SDK for basalt in:
/home/will/pebble-dev/PebbleSDK-3.0-beta12/Pebble/basalt
----------------------------------------
Checking for program gcc,cc
arm-none-eabi-gcc
find program=['gcc', 'cc'] paths='' var='CC' -> 'arm-none-eabi-gcc'
----------------------------------------
Checking for program ar
arm-none-eabi-ar
find program=['ar'] paths='' var='AR' -> 'arm-none-eabi-ar'
----------------------------------------
Found Pebble SDK for aplite in:
/home/will/pebble-dev/PebbleSDK-3.0-beta12/Pebble/aplite
----------------------------------------
Checking for program gcc,cc
arm-none-eabi-gcc
find program=['gcc', 'cc'] paths='' var='CC' -> 'arm-none-eabi-gcc'
----------------------------------------
Checking for program ar
arm-none-eabi-ar
find program=['ar'] paths='' var='AR' -> 'arm-none-eabi-ar'
